[2026-03-27 08:34:57] [33mwarn[39m: Facebook OAuth disabled: missing credentials
[2026-03-27 08:35:00] [32minfo[39m: AUTH ROUTES LOADED
[2026-03-27 08:35:10] [32minfo[39m: Loading API routes...
[2026-03-27 10:19:34] [33mwarn[39m: Facebook OAuth disabled: missing credentials
[2026-03-27 10:19:35] [32minfo[39m: AUTH ROUTES LOADED
[2026-03-27 10:19:45] [32minfo[39m: Loading API routes...
[2026-03-27 13:46:51] [33mwarn[39m: Facebook OAuth disabled: missing credentials
[2026-03-27 13:46:53] [32minfo[39m: AUTH ROUTES LOADED
[2026-03-27 13:47:03] [32minfo[39m: Loading API routes...
[2026-03-28 09:04:20] [33mwarn[39m: Facebook OAuth disabled: missing credentials
[2026-03-28 09:04:24] [32minfo[39m: AUTH ROUTES LOADED
[2026-03-28 09:04:51] [32minfo[39m: Loading API routes...
[2026-03-28 09:11:08] [33mwarn[39m: Facebook OAuth disabled: missing credentials
[2026-03-28 09:11:13] [32minfo[39m: AUTH ROUTES LOADED
[2026-03-28 09:11:51] [32minfo[39m: Loading API routes...
[2026-03-30 08:33:22] [33mwarn[39m: Facebook OAuth disabled: missing credentials
[2026-03-30 08:34:05] [32minfo[39m: Loading API routes...
[2026-03-30 11:50:51] [33mwarn[39m: Facebook OAuth disabled: missing credentials
[2026-03-30 11:51:18] [32minfo[39m: Loading API routes...
[2026-03-30 17:01:35] [33mwarn[39m: Facebook OAuth disabled: missing credentials
[2026-03-30 17:01:43] [32minfo[39m: Loading API routes...
[2026-03-31 09:01:32] [33mwarn[39m: Facebook OAuth disabled: missing credentials
[2026-03-31 09:01:42] [32minfo[39m: Loading API routes...
[2026-03-31 11:53:34] [33mwarn[39m: Facebook OAuth disabled: missing credentials
[2026-03-31 14:52:05] [33mwarn[39m: Facebook OAuth disabled: missing credentials
[2026-03-31 15:37:31] [33mwarn[39m: Facebook OAuth disabled: missing credentials
[2026-04-01 08:51:10] [33mwarn[39m: Facebook OAuth disabled: missing credentials
[2026-04-01 16:48:46] [33mwarn[39m: Facebook OAuth disabled: missing credentials
[2026-04-06 08:31:51] [33mwarn[39m: Facebook OAuth disabled: missing credentials
[2026-04-06 13:36:37] [33mwarn[39m: Facebook OAuth disabled: missing credentials
[2026-04-07 08:34:05] [33mwarn[39m: Facebook OAuth disabled: missing credentials
[2026-04-07 08:34:47] [33mwarn[39m: Facebook OAuth disabled: missing credentials
[2026-04-07 09:05:02] [33mwarn[39m: Facebook OAuth disabled: missing credentials
[2026-04-08 08:36:47] [33mwarn[39m: Facebook OAuth disabled: missing credentials
[2026-04-08 09:44:53] [33mwarn[39m: Facebook OAuth disabled: missing credentials
[2026-04-08 10:38:53] [33mwarn[39m: Facebook OAuth disabled: missing credentials
[2026-04-08 11:10:07] [33mwarn[39m: Facebook OAuth disabled: missing credentials
[2026-04-08 13:40:29] [31merror[39m: Unhandled error
[2026-04-08 13:40:29] [31merror[39m: Unhandled error
[2026-04-08 13:40:29] [31merror[39m: Unhandled error
[2026-04-08 13:40:29] [31merror[39m: Unhandled error
[2026-04-08 13:41:08] [31merror[39m: Unhandled error
[2026-04-08 13:41:08] [31merror[39m: Unhandled error
[2026-04-08 13:41:09] [31merror[39m: Unhandled error
[2026-04-08 13:41:09] [31merror[39m: Unhandled error
[2026-04-08 13:42:06] [31merror[39m: Unhandled error
[2026-04-08 13:42:06] [31merror[39m: Unhandled error
[2026-04-08 13:42:06] [31merror[39m: Unhandled error
[2026-04-08 13:42:06] [31merror[39m: Unhandled error
[2026-04-08 13:43:58] [31merror[39m: Unhandled error
[2026-04-08 13:44:22] [31merror[39m: Unhandled error
[2026-04-08 13:44:22] [31merror[39m: Unhandled error
[2026-04-08 13:44:22] [31merror[39m: Unhandled error
[2026-04-08 13:44:23] [31merror[39m: Unhandled error
[2026-04-08 13:46:39] [31merror[39m: Unhandled error
[2026-04-08 13:46:39] [31merror[39m: Unhandled error
[2026-04-08 13:46:39] [31merror[39m: Unhandled error
[2026-04-08 13:46:39] [31merror[39m: Unhandled error
[2026-04-08 13:50:01] [31merror[39m: Unhandled error
[2026-04-08 13:50:01] [31merror[39m: Unhandled error
[2026-04-08 13:50:01] [31merror[39m: Unhandled error
[2026-04-08 13:50:02] [31merror[39m: Unhandled error
[2026-04-08 13:55:26] [31merror[39m: Unhandled error
[2026-04-08 13:55:26] [31merror[39m: Unhandled error
[2026-04-08 13:55:26] [31merror[39m: Unhandled error
[2026-04-08 13:55:26] [31merror[39m: Unhandled error
[2026-04-08 13:55:36] [31merror[39m: Unhandled error
[2026-04-08 13:55:36] [31merror[39m: Unhandled error
[2026-04-08 13:55:36] [31merror[39m: Unhandled error
[2026-04-08 13:55:36] [31merror[39m: Unhandled error
[2026-04-08 13:57:11] [31merror[39m: Unhandled error
[2026-04-08 13:57:12] [31merror[39m: Unhandled error
[2026-04-08 13:57:12] [31merror[39m: Unhandled error
[2026-04-08 13:57:12] [31merror[39m: Unhandled error
[2026-04-08 13:58:05] [31merror[39m: Unhandled error
[2026-04-08 13:58:05] [31merror[39m: Unhandled error
[2026-04-08 13:58:05] [31merror[39m: Unhandled error
[2026-04-08 13:58:05] [31merror[39m: Unhandled error
[2026-04-08 14:00:33] [31merror[39m: Unhandled error
[2026-04-08 14:00:34] [31merror[39m: Unhandled error
[2026-04-08 14:00:34] [31merror[39m: Unhandled error
[2026-04-08 14:00:34] [31merror[39m: Unhandled error
[2026-04-08 14:00:44] [31merror[39m: Unhandled error
[2026-04-08 14:00:44] [31merror[39m: Unhandled error
[2026-04-08 14:00:44] [31merror[39m: Unhandled error
[2026-04-08 14:00:44] [31merror[39m: Unhandled error
[2026-04-08 14:02:17] [31merror[39m: Unhandled error
[2026-04-08 14:02:17] [31merror[39m: Unhandled error
[2026-04-08 14:02:17] [31merror[39m: Unhandled error
[2026-04-08 14:02:18] [31merror[39m: Unhandled error
[2026-04-08 15:23:06] [33mwarn[39m: Facebook OAuth disabled: missing credentials
[2026-04-08 16:28:06] [33mwarn[39m: Facebook OAuth disabled: missing credentials
[2026-04-08 16:35:15] [31merror[39m: Unhandled error
[2026-04-08 16:35:36] [31merror[39m: Unhandled error
[2026-04-08 16:35:46] [31merror[39m: Unhandled error
[2026-04-08 16:35:53] [31merror[39m: Unhandled error
[2026-04-08 16:36:04] [31merror[39m: Unhandled error
[2026-04-08 16:36:12] [31merror[39m: Unhandled error
[2026-04-08 16:38:09] [31merror[39m: Unhandled error
[2026-04-08 16:38:23] [33mwarn[39m: Facebook OAuth disabled: missing credentials
[2026-04-08 16:46:14] [33mwarn[39m: Facebook OAuth disabled: missing credentials
[2026-04-08 16:48:16] [31merror[39m: Order creation failed
[2026-04-08 16:48:16] [31merror[39m: Unhandled error
[2026-04-08 16:49:07] [31merror[39m: Order creation failed
[2026-04-08 16:49:07] [31merror[39m: Unhandled error
[2026-04-08 16:53:12] [33mwarn[39m: Facebook OAuth disabled: missing credentials
[2026-04-08 16:56:02] [33mwarn[39m: Facebook OAuth disabled: missing credentials
[2026-04-08 16:58:57] [32minfo[39m: Order created
[2026-04-08 16:58:57] [31merror[39m: Order creation failed
[2026-04-08 16:58:58] [31merror[39m: Unhandled error
[2026-04-08 17:01:15] [32minfo[39m: Order created
[2026-04-08 17:01:15] [31merror[39m: Order creation failed
[2026-04-08 17:01:16] [31merror[39m: Unhandled error
[2026-04-08 17:01:22] [32minfo[39m: Order created
[2026-04-08 17:01:22] [31merror[39m: Order creation failed
[2026-04-08 17:01:22] [31merror[39m: Unhandled error
[2026-04-08 17:01:30] [32minfo[39m: Order created
[2026-04-08 17:01:30] [31merror[39m: Order creation failed
[2026-04-08 17:01:30] [31merror[39m: Unhandled error
[2026-04-08 17:03:17] [33mwarn[39m: Facebook OAuth disabled: missing credentials
[2026-04-08 17:03:22] [33mwarn[39m: Facebook OAuth disabled: missing credentials
[2026-04-08 17:05:29] [33mwarn[39m: Facebook OAuth disabled: missing credentials
[2026-04-08 17:05:37] [33mwarn[39m: Facebook OAuth disabled: missing credentials
[2026-04-08 17:06:05] [33mwarn[39m: Facebook OAuth disabled: missing credentials
[2026-04-08 17:10:05] [32minfo[39m: Order created
[2026-04-08 17:10:06] [31merror[39m: Order creation failed
[2026-04-08 17:10:06] [31merror[39m: Unhandled error
[2026-04-08 17:10:54] [33mwarn[39m: Facebook OAuth disabled: missing credentials
[2026-04-10 09:34:03] [33mwarn[39m: Facebook OAuth disabled: missing credentials
[2026-04-10 09:45:44] [32minfo[39m: Order created
[2026-04-10 09:45:44] [31merror[39m: Order creation failed
[2026-04-10 09:46:25] [32minfo[39m: Order created
[2026-04-10 09:46:27] [31merror[39m: Order creation failed
[2026-04-10 09:46:49] [32minfo[39m: Order created
[2026-04-10 09:46:51] [31merror[39m: Order creation failed
[2026-04-10 09:47:08] [32minfo[39m: Order created
[2026-04-10 09:47:09] [31merror[39m: Order creation failed
[2026-04-10 09:47:23] [32minfo[39m: Order created
[2026-04-10 09:47:25] [31merror[39m: Order creation failed
[2026-04-10 09:48:15] [32minfo[39m: Order created
[2026-04-10 09:48:17] [31merror[39m: Order creation failed
[2026-04-10 09:48:38] [32minfo[39m: Order created
[2026-04-10 09:48:40] [31merror[39m: Order creation failed
[2026-04-10 09:49:11] [32minfo[39m: Order created
[2026-04-10 09:49:44] [32minfo[39m: Order created
[2026-04-10 09:52:33] [31merror[39m: Invalid item in order
[2026-04-10 09:52:33] [31merror[39m: Order creation failed
[2026-04-10 09:52:33] [31merror[39m: Unhandled error
[2026-04-10 09:55:28] [32minfo[39m: Order created
[2026-04-10 09:59:07] [32minfo[39m: Order created
[2026-04-10 09:59:07] [31merror[39m: Order creation failed
[2026-04-10 09:59:08] [31merror[39m: Unhandled error
[2026-04-10 10:01:46] [32minfo[39m: Order created
[2026-04-10 10:01:46] [31merror[39m: Order creation failed
[2026-04-10 10:01:46] [31merror[39m: Unhandled error
[2026-04-10 10:03:19] [32minfo[39m: Order created
[2026-04-10 10:06:18] [31merror[39m: Invalid item in order
[2026-04-10 10:06:18] [31merror[39m: Order creation failed
[2026-04-10 10:06:18] [31merror[39m: Unhandled error
[2026-04-10 10:29:38] [31merror[39m: Unhandled error
[2026-04-10 11:18:18] [31merror[39m: Admin stats failed
[2026-04-10 11:18:18] [31merror[39m: Unhandled error
[2026-04-10 11:18:18] [31merror[39m: Admin stats failed
[2026-04-10 11:18:18] [31merror[39m: Unhandled error
[2026-04-10 11:18:18] [31merror[39m: Admin stats failed
[2026-04-10 11:18:18] [31merror[39m: Unhandled error
[2026-04-10 11:31:17] [31merror[39m: Admin stats failed
[2026-04-10 11:31:17] [31merror[39m: Unhandled error
[2026-04-10 11:31:17] [31merror[39m: Admin stats failed
[2026-04-10 11:31:17] [31merror[39m: Unhandled error
[2026-04-10 13:44:16] [33mwarn[39m: Facebook OAuth disabled: missing credentials
[2026-04-10 14:11:32] [33mwarn[39m: Facebook OAuth disabled: missing credentials
[2026-04-10 14:37:25] [33mwarn[39m: Facebook OAuth disabled: missing credentials
[2026-04-10 15:23:02] [33mwarn[39m: Facebook OAuth disabled: missing credentials
[2026-04-10 15:23:40] [33mwarn[39m: Facebook OAuth disabled: missing credentials
[2026-04-10 15:23:48] [33mwarn[39m: Facebook OAuth disabled: missing credentials
[2026-04-10 15:24:53] [33mwarn[39m: Facebook OAuth disabled: missing credentials
[2026-04-10 15:28:13] [33mwarn[39m: Facebook OAuth disabled: missing credentials
[2026-04-10 15:30:13] [33mwarn[39m: Facebook OAuth disabled: missing credentials
[2026-04-10 15:55:18] [33mwarn[39m: Facebook OAuth disabled: missing credentials
[2026-04-10 16:23:50] [33mwarn[39m: Facebook OAuth disabled: missing credentials
[2026-04-10 16:26:10] [33mwarn[39m: Facebook OAuth disabled: missing credentials
[2026-04-10 16:31:29] [33mwarn[39m: Facebook OAuth disabled: missing credentials
[2026-04-10 16:33:12] [32minfo[39m: Order created
[2026-04-10 16:34:46] [32minfo[39m: Order created
[2026-04-10 16:45:16] [33mwarn[39m: Facebook OAuth disabled: missing credentials
[2026-04-10 16:48:55] [31merror[39m: Admin stats failed
[2026-04-10 16:48:55] [31merror[39m: Unhandled error
[2026-04-10 16:48:55] [31merror[39m: Admin stats failed
[2026-04-10 16:48:55] [31merror[39m: Unhandled error
[2026-04-10 16:48:55] [31merror[39m: Admin stats failed
[2026-04-10 16:48:55] [31merror[39m: Unhandled error
[2026-04-13 08:28:59] [33mwarn[39m: Facebook OAuth disabled: missing credentials
